Flow report for picoMIPS
Mon Apr 15 14:37:11 2024
Quartus Prime Version 16.1.2 Build 203 01/18/2017 SJ Standard Edition


---------------------
; Table of Contents ;
---------------------
  1. Legal Notice
  2. Flow Summary
  3. Flow Settings
  4. Flow Non-Default Global Settings
  5. Flow Elapsed Time
  6. Flow OS Summary
  7. Flow Log
  8. Flow Messages
  9. Flow Suppressed Messages



----------------
; Legal Notice ;
----------------
Copyright (C) 2017  Intel Corporation. All rights reserved.
Your use of Intel Corporation's design tools, logic functions 
and other software and tools, and its AMPP partner logic 
functions, and any output files from any of the foregoing 
(including device programming or simulation files), and any 
associated documentation or information are expressly subject 
to the terms and conditions of the Intel Program License 
Subscription Agreement, the Intel Quartus Prime License Agreement,
the Intel MegaCore Function License Agreement, or other 
applicable license agreement, including, without limitation, 
that your use is for the sole purpose of programming logic 
devices manufactured by Intel and sold by Intel or its 
authorized distributors.  Please refer to the applicable 
agreement for further details.



+-----------------------------------------------------------------------------------+
; Flow Summary                                                                      ;
+---------------------------------+-------------------------------------------------+
; Flow Status                     ; Successful - Mon Apr 15 14:37:11 2024           ;
; Quartus Prime Version           ; 16.1.2 Build 203 01/18/2017 SJ Standard Edition ;
; Revision Name                   ; picoMIPS                                        ;
; Top-level Entity Name           ; picoMIPS4test                                   ;
; Family                          ; Cyclone V                                       ;
; Device                          ; 5CSEMA5F31C6                                    ;
; Timing Models                   ; Final                                           ;
; Logic utilization (in ALMs)     ; 69 / 32,070 ( < 1 % )                           ;
; Total registers                 ; 60                                              ;
; Total pins                      ; 19 / 457 ( 4 % )                                ;
; Total virtual pins              ; 0                                               ;
; Total block memory bits         ; 0 / 4,065,280 ( 0 % )                           ;
; Total DSP Blocks                ; 1 / 87 ( 1 % )                                  ;
; Total HSSI RX PCSs              ; 0                                               ;
; Total HSSI PMA RX Deserializers ; 0                                               ;
; Total HSSI TX PCSs              ; 0                                               ;
; Total HSSI PMA TX Serializers   ; 0                                               ;
; Total PLLs                      ; 0 / 6 ( 0 % )                                   ;
; Total DLLs                      ; 0 / 4 ( 0 % )                                   ;
+---------------------------------+-------------------------------------------------+


+-----------------------------------------+
; Flow Settings                           ;
+-------------------+---------------------+
; Option            ; Setting             ;
+-------------------+---------------------+
; Start date & time ; 04/15/2024 14:35:47 ;
; Main task         ; Compilation         ;
; Revision Name     ; picoMIPS            ;
+-------------------+---------------------+


+--------------------------------------------------------------------------------------------------------------------------------+
; Flow Non-Default Global Settings                                                                                               ;
+--------------------------------------+----------------------------------------+---------------+---------------+----------------+
; Assignment Name                      ; Value                                  ; Default Value ; Entity Name   ; Section Id     ;
+--------------------------------------+----------------------------------------+---------------+---------------+----------------+
; COMPILER_SIGNATURE_ID                ; 93123539687657.171318814714384         ; --            ; --            ; --             ;
; EDA_DESIGN_INSTANCE_NAME             ; NA                                     ; --            ; --            ; picoMIPS_tb    ;
; EDA_DESIGN_INSTANCE_NAME             ; NA                                     ; --            ; --            ; prog_tb        ;
; EDA_DESIGN_INSTANCE_NAME             ; NA                                     ; --            ; --            ; decoder_tb     ;
; EDA_DESIGN_INSTANCE_NAME             ; NA                                     ; --            ; --            ; pc_tb          ;
; EDA_DESIGN_INSTANCE_NAME             ; NA                                     ; --            ; --            ; regs_tb        ;
; EDA_DESIGN_INSTANCE_NAME             ; NA                                     ; --            ; --            ; alu_tb         ;
; EDA_NATIVELINK_SIMULATION_TEST_BENCH ; picoMIPS_tb                            ; --            ; --            ; eda_simulation ;
; EDA_OUTPUT_DATA_FORMAT               ; Systemverilog Hdl                      ; --            ; --            ; eda_simulation ;
; EDA_SIMULATION_TOOL                  ; ModelSim (SystemVerilog)               ; <None>        ; --            ; --             ;
; EDA_TEST_BENCH_ENABLE_STATUS         ; TEST_BENCH_MODE                        ; --            ; --            ; eda_simulation ;
; EDA_TEST_BENCH_FILE                  ; picoMIPS_tb.sv                         ; --            ; --            ; picoMIPS_tb    ;
; EDA_TEST_BENCH_FILE                  ; prog_tb.sv                             ; --            ; --            ; prog_tb        ;
; EDA_TEST_BENCH_FILE                  ; decoder_tb.sv                          ; --            ; --            ; decoder_tb     ;
; EDA_TEST_BENCH_FILE                  ; pc_tb.sv                               ; --            ; --            ; pc_tb          ;
; EDA_TEST_BENCH_FILE                  ; regs_tb.sv                             ; --            ; --            ; regs_tb        ;
; EDA_TEST_BENCH_FILE                  ; alu_tb.sv                              ; --            ; --            ; alu_tb         ;
; EDA_TEST_BENCH_MODULE_NAME           ; picoMIPS_tb                            ; --            ; --            ; picoMIPS_tb    ;
; EDA_TEST_BENCH_MODULE_NAME           ; prog_tb                                ; --            ; --            ; prog_tb        ;
; EDA_TEST_BENCH_MODULE_NAME           ; decoder_tb                             ; --            ; --            ; decoder_tb     ;
; EDA_TEST_BENCH_MODULE_NAME           ; pc_tb                                  ; --            ; --            ; pc_tb          ;
; EDA_TEST_BENCH_MODULE_NAME           ; regs_tb                                ; --            ; --            ; regs_tb        ;
; EDA_TEST_BENCH_MODULE_NAME           ; alu_tb                                 ; --            ; --            ; alu_tb         ;
; EDA_TEST_BENCH_NAME                  ; picoMIPS_tb                            ; --            ; --            ; eda_simulation ;
; EDA_TEST_BENCH_NAME                  ; alu_tb                                 ; --            ; --            ; eda_simulation ;
; EDA_TEST_BENCH_NAME                  ; decoder_tb                             ; --            ; --            ; eda_simulation ;
; EDA_TEST_BENCH_NAME                  ; regs_tb                                ; --            ; --            ; eda_simulation ;
; EDA_TEST_BENCH_NAME                  ; pc_tb                                  ; --            ; --            ; eda_simulation ;
; EDA_TEST_BENCH_NAME                  ; prog_tb                                ; --            ; --            ; eda_simulation ;
; EDA_TIME_SCALE                       ; 1 ns                                   ; --            ; --            ; eda_simulation ;
; MAX_CORE_JUNCTION_TEMP               ; 85                                     ; --            ; --            ; --             ;
; MIN_CORE_JUNCTION_TEMP               ; 0                                      ; --            ; --            ; --             ;
; PARTITION_COLOR                      ; -- (Not supported for targeted family) ; --            ; picoMIPS4test ; Top            ;
; PARTITION_FITTER_PRESERVATION_LEVEL  ; -- (Not supported for targeted family) ; --            ; picoMIPS4test ; Top            ;
; PARTITION_NETLIST_TYPE               ; -- (Not supported for targeted family) ; --            ; picoMIPS4test ; Top            ;
; POWER_BOARD_THERMAL_MODEL            ; None (CONSERVATIVE)                    ; --            ; --            ; --             ;
; POWER_PRESET_COOLING_SOLUTION        ; 23 MM HEAT SINK WITH 200 LFPM AIRFLOW  ; --            ; --            ; --             ;
; PROJECT_OUTPUT_DIRECTORY             ; output_files                           ; --            ; --            ; --             ;
; TOP_LEVEL_ENTITY                     ; picoMIPS4test                          ; picoMIPS      ; --            ; --             ;
+--------------------------------------+----------------------------------------+---------------+---------------+----------------+


+-------------------------------------------------------------------------------------------------------------------------------+
; Flow Elapsed Time                                                                                                             ;
+---------------------------+--------------+-------------------------+---------------------+------------------------------------+
; Module Name               ; Elapsed Time ; Average Processors Used ; Peak Virtual Memory ; Total CPU Time (on all processors) ;
+---------------------------+--------------+-------------------------+---------------------+------------------------------------+
; Analysis & Synthesis      ; 00:00:12     ; 1.0                     ; 4872 MB             ; 00:00:15                           ;
; Fitter                    ; 00:00:31     ; 1.0                     ; 7035 MB             ; 00:01:30                           ;
; Assembler                 ; 00:00:09     ; 1.0                     ; 4830 MB             ; 00:00:05                           ;
; TimeQuest Timing Analyzer ; 00:00:12     ; 1.1                     ; 5190 MB             ; 00:00:04                           ;
; EDA Netlist Writer        ; 00:00:02     ; 1.0                     ; 4742 MB             ; 00:00:01                           ;
; Total                     ; 00:01:06     ; --                      ; --                  ; 00:01:55                           ;
+---------------------------+--------------+-------------------------+---------------------+------------------------------------+


+-----------------------------------------------------------------------------------------+
; Flow OS Summary                                                                         ;
+---------------------------+------------------+------------+------------+----------------+
; Module Name               ; Machine Hostname ; OS Name    ; OS Version ; Processor type ;
+---------------------------+------------------+------------+------------+----------------+
; Analysis & Synthesis      ; JFB16-R2009-S03  ; Windows 10 ; 10.0       ; x86_64         ;
; Fitter                    ; JFB16-R2009-S03  ; Windows 10 ; 10.0       ; x86_64         ;
; Assembler                 ; JFB16-R2009-S03  ; Windows 10 ; 10.0       ; x86_64         ;
; TimeQuest Timing Analyzer ; JFB16-R2009-S03  ; Windows 10 ; 10.0       ; x86_64         ;
; EDA Netlist Writer        ; JFB16-R2009-S03  ; Windows 10 ; 10.0       ; x86_64         ;
+---------------------------+------------------+------------+------------+----------------+


------------
; Flow Log ;
------------
quartus_map --read_settings_files=on --write_settings_files=off picoMIPS -c picoMIPS
quartus_fit --read_settings_files=off --write_settings_files=off picoMIPS -c picoMIPS
quartus_asm --read_settings_files=off --write_settings_files=off picoMIPS -c picoMIPS
quartus_sta picoMIPS -c picoMIPS
quartus_eda --read_settings_files=off --write_settings_files=off picoMIPS -c picoMIPS



